  BasicsOfProgramming-Lab10-KeyHandling.cpp
E:\TemporaryFolder\Лабы, исправленные на паре\Temp\BasicsOfProgramming-Lab10-KeyHandling\BasicsOfProgramming-Lab10-KeyHandling\BasicsOfProgramming-Lab10-KeyHandling.cpp(271,100): warning C4244: аргумент: преобразование "float" в "int", возможна потеря данных
E:\TemporaryFolder\Лабы, исправленные на паре\Temp\BasicsOfProgramming-Lab10-KeyHandling\BasicsOfProgramming-Lab10-KeyHandling\BasicsOfProgramming-Lab10-KeyHandling.cpp(271,73): warning C4244: аргумент: преобразование "float" в "int", возможна потеря данных
E:\TemporaryFolder\Лабы, исправленные на паре\Temp\BasicsOfProgramming-Lab10-KeyHandling\BasicsOfProgramming-Lab10-KeyHandling\BasicsOfProgramming-Lab10-KeyHandling.cpp(271,47): warning C4244: аргумент: преобразование "float" в "int", возможна потеря данных
E:\TemporaryFolder\Лабы, исправленные на паре\Temp\BasicsOfProgramming-Lab10-KeyHandling\BasicsOfProgramming-Lab10-KeyHandling\BasicsOfProgramming-Lab10-KeyHandling.cpp(271,29): warning C4244: аргумент: преобразование "float" в "int", возможна потеря данных
E:\TemporaryFolder\Лабы, исправленные на паре\Temp\BasicsOfProgramming-Lab10-KeyHandling\BasicsOfProgramming-Lab10-KeyHandling\BasicsOfProgramming-Lab10-KeyHandling.cpp(314,24): warning C4244: инициализация: преобразование "float" в "int", возможна потеря данных
E:\TemporaryFolder\Лабы, исправленные на паре\Temp\BasicsOfProgramming-Lab10-KeyHandling\BasicsOfProgramming-Lab10-KeyHandling\BasicsOfProgramming-Lab10-KeyHandling.cpp(315,24): warning C4244: инициализация: преобразование "float" в "int", возможна потеря данных
E:\TemporaryFolder\Лабы, исправленные на паре\Temp\BasicsOfProgramming-Lab10-KeyHandling\BasicsOfProgramming-Lab10-KeyHandling\BasicsOfProgramming-Lab10-KeyHandling.cpp(319,134): warning C4244: аргумент: преобразование "float" в "int", возможна потеря данных
E:\TemporaryFolder\Лабы, исправленные на паре\Temp\BasicsOfProgramming-Lab10-KeyHandling\BasicsOfProgramming-Lab10-KeyHandling\BasicsOfProgramming-Lab10-KeyHandling.cpp(319,97): warning C4244: аргумент: преобразование "float" в "int", возможна потеря данных
E:\TemporaryFolder\Лабы, исправленные на паре\Temp\BasicsOfProgramming-Lab10-KeyHandling\BasicsOfProgramming-Lab10-KeyHandling\BasicsOfProgramming-Lab10-KeyHandling.cpp(319,60): warning C4244: аргумент: преобразование "float" в "int", возможна потеря данных
E:\TemporaryFolder\Лабы, исправленные на паре\Temp\BasicsOfProgramming-Lab10-KeyHandling\BasicsOfProgramming-Lab10-KeyHandling\BasicsOfProgramming-Lab10-KeyHandling.cpp(319,36): warning C4244: аргумент: преобразование "float" в "int", возможна потеря данных
E:\TemporaryFolder\Лабы, исправленные на паре\Temp\BasicsOfProgramming-Lab10-KeyHandling\BasicsOfProgramming-Lab10-KeyHandling\BasicsOfProgramming-Lab10-KeyHandling.cpp(368,23): warning C4018: <: несоответствие типов со знаком и без знака
E:\TemporaryFolder\Лабы, исправленные на паре\Temp\BasicsOfProgramming-Lab10-KeyHandling\BasicsOfProgramming-Lab10-KeyHandling\BasicsOfProgramming-Lab10-KeyHandling.cpp(429,23): warning C4018: <: несоответствие типов со знаком и без знака
E:\TemporaryFolder\Лабы, исправленные на паре\Temp\BasicsOfProgramming-Lab10-KeyHandling\BasicsOfProgramming-Lab10-KeyHandling\BasicsOfProgramming-Lab10-KeyHandling.cpp(471,51): warning C4244: аргумент: преобразование "float" в "int", возможна потеря данных
E:\TemporaryFolder\Лабы, исправленные на паре\Temp\BasicsOfProgramming-Lab10-KeyHandling\BasicsOfProgramming-Lab10-KeyHandling\BasicsOfProgramming-Lab10-KeyHandling.cpp(471,28): warning C4244: аргумент: преобразование "float" в "int", возможна потеря данных
E:\TemporaryFolder\Лабы, исправленные на паре\Temp\BasicsOfProgramming-Lab10-KeyHandling\BasicsOfProgramming-Lab10-KeyHandling\BasicsOfProgramming-Lab10-KeyHandling.cpp(495,39): warning C4018: <: несоответствие типов со знаком и без знака
E:\TemporaryFolder\Лабы, исправленные на паре\Temp\BasicsOfProgramming-Lab10-KeyHandling\BasicsOfProgramming-Lab10-KeyHandling\BasicsOfProgramming-Lab10-KeyHandling.cpp(530,21): warning C4244: инициализация: преобразование "float" в "int", возможна потеря данных
E:\TemporaryFolder\Лабы, исправленные на паре\Temp\BasicsOfProgramming-Lab10-KeyHandling\BasicsOfProgramming-Lab10-KeyHandling\BasicsOfProgramming-Lab10-KeyHandling.cpp(531,21): warning C4244: инициализация: преобразование "float" в "int", возможна потеря данных
E:\TemporaryFolder\Лабы, исправленные на паре\Temp\BasicsOfProgramming-Lab10-KeyHandling\BasicsOfProgramming-Lab10-KeyHandling\BasicsOfProgramming-Lab10-KeyHandling.cpp(546,21): warning C4244: инициализация: преобразование "float" в "int", возможна потеря данных
E:\TemporaryFolder\Лабы, исправленные на паре\Temp\BasicsOfProgramming-Lab10-KeyHandling\BasicsOfProgramming-Lab10-KeyHandling\BasicsOfProgramming-Lab10-KeyHandling.cpp(547,21): warning C4244: инициализация: преобразование "float" в "int", возможна потеря данных
E:\TemporaryFolder\Лабы, исправленные на паре\Temp\BasicsOfProgramming-Lab10-KeyHandling\BasicsOfProgramming-Lab10-KeyHandling\BasicsOfProgramming-Lab10-KeyHandling.cpp(562,21): warning C4244: инициализация: преобразование "float" в "int", возможна потеря данных
E:\TemporaryFolder\Лабы, исправленные на паре\Temp\BasicsOfProgramming-Lab10-KeyHandling\BasicsOfProgramming-Lab10-KeyHandling\BasicsOfProgramming-Lab10-KeyHandling.cpp(563,21): warning C4244: инициализация: преобразование "float" в "int", возможна потеря данных
E:\TemporaryFolder\Лабы, исправленные на паре\Temp\BasicsOfProgramming-Lab10-KeyHandling\BasicsOfProgramming-Lab10-KeyHandling\BasicsOfProgramming-Lab10-KeyHandling.cpp(577,21): warning C4244: инициализация: преобразование "float" в "int", возможна потеря данных
E:\TemporaryFolder\Лабы, исправленные на паре\Temp\BasicsOfProgramming-Lab10-KeyHandling\BasicsOfProgramming-Lab10-KeyHandling\BasicsOfProgramming-Lab10-KeyHandling.cpp(578,21): warning C4244: инициализация: преобразование "float" в "int", возможна потеря данных
E:\TemporaryFolder\Лабы, исправленные на паре\Temp\BasicsOfProgramming-Lab10-KeyHandling\BasicsOfProgramming-Lab10-KeyHandling\BasicsOfProgramming-Lab10-KeyHandling.cpp(595,14): warning C4244: инициализация: преобразование "float" в "int", возможна потеря данных
E:\TemporaryFolder\Лабы, исправленные на паре\Temp\BasicsOfProgramming-Lab10-KeyHandling\BasicsOfProgramming-Lab10-KeyHandling\BasicsOfProgramming-Lab10-KeyHandling.cpp(596,14): warning C4244: инициализация: преобразование "float" в "int", возможна потеря данных
E:\TemporaryFolder\Лабы, исправленные на паре\Temp\BasicsOfProgramming-Lab10-KeyHandling\BasicsOfProgramming-Lab10-KeyHandling\BasicsOfProgramming-Lab10-KeyHandling.cpp(607,100): warning C4244: аргумент: преобразование "float" в "int", возможна потеря данных
E:\TemporaryFolder\Лабы, исправленные на паре\Temp\BasicsOfProgramming-Lab10-KeyHandling\BasicsOfProgramming-Lab10-KeyHandling\BasicsOfProgramming-Lab10-KeyHandling.cpp(607,73): warning C4244: аргумент: преобразование "float" в "int", возможна потеря данных
E:\TemporaryFolder\Лабы, исправленные на паре\Temp\BasicsOfProgramming-Lab10-KeyHandling\BasicsOfProgramming-Lab10-KeyHandling\BasicsOfProgramming-Lab10-KeyHandling.cpp(607,47): warning C4244: аргумент: преобразование "float" в "int", возможна потеря данных
E:\TemporaryFolder\Лабы, исправленные на паре\Temp\BasicsOfProgramming-Lab10-KeyHandling\BasicsOfProgramming-Lab10-KeyHandling\BasicsOfProgramming-Lab10-KeyHandling.cpp(607,29): warning C4244: аргумент: преобразование "float" в "int", возможна потеря данных
E:\TemporaryFolder\Лабы, исправленные на паре\Temp\BasicsOfProgramming-Lab10-KeyHandling\BasicsOfProgramming-Lab10-KeyHandling\BasicsOfProgramming-Lab10-KeyHandling.cpp(656,19): warning C4244: инициализация: преобразование "float" в "int", возможна потеря данных
E:\TemporaryFolder\Лабы, исправленные на паре\Temp\BasicsOfProgramming-Lab10-KeyHandling\BasicsOfProgramming-Lab10-KeyHandling\BasicsOfProgramming-Lab10-KeyHandling.cpp(657,19): warning C4244: инициализация: преобразование "float" в "int", возможна потеря данных
E:\TemporaryFolder\Лабы, исправленные на паре\Temp\BasicsOfProgramming-Lab10-KeyHandling\BasicsOfProgramming-Lab10-KeyHandling\BasicsOfProgramming-Lab10-KeyHandling.cpp(690,39): warning C4018: <: несоответствие типов со знаком и без знака
E:\TemporaryFolder\Лабы, исправленные на паре\Temp\BasicsOfProgramming-Lab10-KeyHandling\BasicsOfProgramming-Lab10-KeyHandling\BasicsOfProgramming-Lab10-KeyHandling.cpp(855,24): warning C4244: инициализация: преобразование "float" в "int", возможна потеря данных
E:\TemporaryFolder\Лабы, исправленные на паре\Temp\BasicsOfProgramming-Lab10-KeyHandling\BasicsOfProgramming-Lab10-KeyHandling\BasicsOfProgramming-Lab10-KeyHandling.cpp(856,25): warning C4244: инициализация: преобразование "float" в "int", возможна потеря данных
E:\TemporaryFolder\Лабы, исправленные на паре\Temp\BasicsOfProgramming-Lab10-KeyHandling\BasicsOfProgramming-Lab10-KeyHandling\BasicsOfProgramming-Lab10-KeyHandling.cpp(866,21): warning C4838: Преобразование из "int" в "float" требует сужающего преобразования.
E:\TemporaryFolder\Лабы, исправленные на паре\Temp\BasicsOfProgramming-Lab10-KeyHandling\BasicsOfProgramming-Lab10-KeyHandling\BasicsOfProgramming-Lab10-KeyHandling.cpp(866,21): warning C4244: инициализация: преобразование "int" в "float", возможна потеря данных
E:\TemporaryFolder\Лабы, исправленные на паре\Temp\BasicsOfProgramming-Lab10-KeyHandling\BasicsOfProgramming-Lab10-KeyHandling\BasicsOfProgramming-Lab10-KeyHandling.cpp(866,37): warning C4838: Преобразование из "int" в "float" требует сужающего преобразования.
E:\TemporaryFolder\Лабы, исправленные на паре\Temp\BasicsOfProgramming-Lab10-KeyHandling\BasicsOfProgramming-Lab10-KeyHandling\BasicsOfProgramming-Lab10-KeyHandling.cpp(866,37): warning C4244: инициализация: преобразование "int" в "float", возможна потеря данных
E:\TemporaryFolder\Лабы, исправленные на паре\Temp\BasicsOfProgramming-Lab10-KeyHandling\BasicsOfProgramming-Lab10-KeyHandling\BasicsOfProgramming-Lab10-KeyHandling.cpp(902,23): warning C4018: <: несоответствие типов со знаком и без знака
E:\TemporaryFolder\Лабы, исправленные на паре\Temp\BasicsOfProgramming-Lab10-KeyHandling\BasicsOfProgramming-Lab10-KeyHandling\BasicsOfProgramming-Lab10-KeyHandling.cpp(1009,31): warning C4018: <: несоответствие типов со знаком и без знака
E:\TemporaryFolder\Лабы, исправленные на паре\Temp\BasicsOfProgramming-Lab10-KeyHandling\BasicsOfProgramming-Lab10-KeyHandling\BasicsOfProgramming-Lab10-KeyHandling.cpp(38,45): warning C4244: =: преобразование "float" в "size_t", возможна потеря данных
E:\TemporaryFolder\Лабы, исправленные на паре\Temp\BasicsOfProgramming-Lab10-KeyHandling\BasicsOfProgramming-Lab10-KeyHandling\BasicsOfProgramming-Lab10-KeyHandling.cpp(33): message : во время компиляции функции-члена класс шаблон "void myvector<Entity *>::push_back(T)"
          with
          [
              T=Entity *
          ]
E:\TemporaryFolder\Лабы, исправленные на паре\Temp\BasicsOfProgramming-Lab10-KeyHandling\BasicsOfProgramming-Lab10-KeyHandling\BasicsOfProgramming-Lab10-KeyHandling.cpp(418): message : выполняется компиляция ссылки на экземпляр шаблон функции "void myvector<Entity *>::push_back(T)"
          with
          [
              T=Entity *
          ]
E:\TemporaryFolder\Лабы, исправленные на паре\Temp\BasicsOfProgramming-Lab10-KeyHandling\BasicsOfProgramming-Lab10-KeyHandling\BasicsOfProgramming-Lab10-KeyHandling.cpp(139): message : выполняется компиляция ссылки на экземпляр класс шаблон функции "myvector<Entity *>"
E:\TemporaryFolder\Лабы, исправленные на паре\Temp\BasicsOfProgramming-Lab10-KeyHandling\BasicsOfProgramming-Lab10-KeyHandling\BasicsOfProgramming-Lab10-KeyHandling.cpp(591): warning C4715: Entity::MoveTo: значение возвращается не при всех путях выполнения
  BasicsOfProgramming-Lab10-KeyHandling.vcxproj -> E:\TemporaryFolder\Лабы, исправленные на паре\Temp\BasicsOfProgramming-Lab10-KeyHandling\Debug\BasicsOfProgramming-Lab10-KeyHandling.exe
