  TemporaryProjectForLabTen.cpp
E:\Университет\Основы алгоритмизации и программирования\Labs\TemporaryProjectForLabTen\TemporaryProjectForLabTen\TemporaryProjectForLabTen.cpp(214,100): warning C4244: аргумент: преобразование "float" в "int", возможна потеря данных
E:\Университет\Основы алгоритмизации и программирования\Labs\TemporaryProjectForLabTen\TemporaryProjectForLabTen\TemporaryProjectForLabTen.cpp(214,73): warning C4244: аргумент: преобразование "float" в "int", возможна потеря данных
E:\Университет\Основы алгоритмизации и программирования\Labs\TemporaryProjectForLabTen\TemporaryProjectForLabTen\TemporaryProjectForLabTen.cpp(214,47): warning C4244: аргумент: преобразование "float" в "int", возможна потеря данных
E:\Университет\Основы алгоритмизации и программирования\Labs\TemporaryProjectForLabTen\TemporaryProjectForLabTen\TemporaryProjectForLabTen.cpp(214,29): warning C4244: аргумент: преобразование "float" в "int", возможна потеря данных
E:\Университет\Основы алгоритмизации и программирования\Labs\TemporaryProjectForLabTen\TemporaryProjectForLabTen\TemporaryProjectForLabTen.cpp(257,24): warning C4244: инициализация: преобразование "float" в "int", возможна потеря данных
E:\Университет\Основы алгоритмизации и программирования\Labs\TemporaryProjectForLabTen\TemporaryProjectForLabTen\TemporaryProjectForLabTen.cpp(258,24): warning C4244: инициализация: преобразование "float" в "int", возможна потеря данных
E:\Университет\Основы алгоритмизации и программирования\Labs\TemporaryProjectForLabTen\TemporaryProjectForLabTen\TemporaryProjectForLabTen.cpp(262,134): warning C4244: аргумент: преобразование "float" в "int", возможна потеря данных
E:\Университет\Основы алгоритмизации и программирования\Labs\TemporaryProjectForLabTen\TemporaryProjectForLabTen\TemporaryProjectForLabTen.cpp(262,97): warning C4244: аргумент: преобразование "float" в "int", возможна потеря данных
E:\Университет\Основы алгоритмизации и программирования\Labs\TemporaryProjectForLabTen\TemporaryProjectForLabTen\TemporaryProjectForLabTen.cpp(262,60): warning C4244: аргумент: преобразование "float" в "int", возможна потеря данных
E:\Университет\Основы алгоритмизации и программирования\Labs\TemporaryProjectForLabTen\TemporaryProjectForLabTen\TemporaryProjectForLabTen.cpp(262,36): warning C4244: аргумент: преобразование "float" в "int", возможна потеря данных
E:\Университет\Основы алгоритмизации и программирования\Labs\TemporaryProjectForLabTen\TemporaryProjectForLabTen\TemporaryProjectForLabTen.cpp(313,23): warning C4834: отмена возвращаемого значения функции с атрибутом "nodiscard"
E:\Университет\Основы алгоритмизации и программирования\Labs\TemporaryProjectForLabTen\TemporaryProjectForLabTen\TemporaryProjectForLabTen.cpp(414,99): warning C4267: аргумент: преобразование из "size_t" в "int"; возможна потеря данных
E:\Университет\Основы алгоритмизации и программирования\Labs\TemporaryProjectForLabTen\TemporaryProjectForLabTen\TemporaryProjectForLabTen.cpp(414,51): warning C4244: аргумент: преобразование "float" в "int", возможна потеря данных
E:\Университет\Основы алгоритмизации и программирования\Labs\TemporaryProjectForLabTen\TemporaryProjectForLabTen\TemporaryProjectForLabTen.cpp(414,28): warning C4244: аргумент: преобразование "float" в "int", возможна потеря данных
E:\Университет\Основы алгоритмизации и программирования\Labs\TemporaryProjectForLabTen\TemporaryProjectForLabTen\TemporaryProjectForLabTen.cpp(473,21): warning C4244: инициализация: преобразование "float" в "int", возможна потеря данных
E:\Университет\Основы алгоритмизации и программирования\Labs\TemporaryProjectForLabTen\TemporaryProjectForLabTen\TemporaryProjectForLabTen.cpp(474,21): warning C4244: инициализация: преобразование "float" в "int", возможна потеря данных
E:\Университет\Основы алгоритмизации и программирования\Labs\TemporaryProjectForLabTen\TemporaryProjectForLabTen\TemporaryProjectForLabTen.cpp(489,21): warning C4244: инициализация: преобразование "float" в "int", возможна потеря данных
E:\Университет\Основы алгоритмизации и программирования\Labs\TemporaryProjectForLabTen\TemporaryProjectForLabTen\TemporaryProjectForLabTen.cpp(490,21): warning C4244: инициализация: преобразование "float" в "int", возможна потеря данных
E:\Университет\Основы алгоритмизации и программирования\Labs\TemporaryProjectForLabTen\TemporaryProjectForLabTen\TemporaryProjectForLabTen.cpp(505,21): warning C4244: инициализация: преобразование "float" в "int", возможна потеря данных
E:\Университет\Основы алгоритмизации и программирования\Labs\TemporaryProjectForLabTen\TemporaryProjectForLabTen\TemporaryProjectForLabTen.cpp(506,21): warning C4244: инициализация: преобразование "float" в "int", возможна потеря данных
E:\Университет\Основы алгоритмизации и программирования\Labs\TemporaryProjectForLabTen\TemporaryProjectForLabTen\TemporaryProjectForLabTen.cpp(520,21): warning C4244: инициализация: преобразование "float" в "int", возможна потеря данных
E:\Университет\Основы алгоритмизации и программирования\Labs\TemporaryProjectForLabTen\TemporaryProjectForLabTen\TemporaryProjectForLabTen.cpp(521,21): warning C4244: инициализация: преобразование "float" в "int", возможна потеря данных
E:\Университет\Основы алгоритмизации и программирования\Labs\TemporaryProjectForLabTen\TemporaryProjectForLabTen\TemporaryProjectForLabTen.cpp(538,14): warning C4244: инициализация: преобразование "float" в "int", возможна потеря данных
E:\Университет\Основы алгоритмизации и программирования\Labs\TemporaryProjectForLabTen\TemporaryProjectForLabTen\TemporaryProjectForLabTen.cpp(539,14): warning C4244: инициализация: преобразование "float" в "int", возможна потеря данных
E:\Университет\Основы алгоритмизации и программирования\Labs\TemporaryProjectForLabTen\TemporaryProjectForLabTen\TemporaryProjectForLabTen.cpp(550,100): warning C4244: аргумент: преобразование "float" в "int", возможна потеря данных
E:\Университет\Основы алгоритмизации и программирования\Labs\TemporaryProjectForLabTen\TemporaryProjectForLabTen\TemporaryProjectForLabTen.cpp(550,73): warning C4244: аргумент: преобразование "float" в "int", возможна потеря данных
E:\Университет\Основы алгоритмизации и программирования\Labs\TemporaryProjectForLabTen\TemporaryProjectForLabTen\TemporaryProjectForLabTen.cpp(550,47): warning C4244: аргумент: преобразование "float" в "int", возможна потеря данных
E:\Университет\Основы алгоритмизации и программирования\Labs\TemporaryProjectForLabTen\TemporaryProjectForLabTen\TemporaryProjectForLabTen.cpp(550,29): warning C4244: аргумент: преобразование "float" в "int", возможна потеря данных
E:\Университет\Основы алгоритмизации и программирования\Labs\TemporaryProjectForLabTen\TemporaryProjectForLabTen\TemporaryProjectForLabTen.cpp(599,19): warning C4244: инициализация: преобразование "float" в "int", возможна потеря данных
E:\Университет\Основы алгоритмизации и программирования\Labs\TemporaryProjectForLabTen\TemporaryProjectForLabTen\TemporaryProjectForLabTen.cpp(600,19): warning C4244: инициализация: преобразование "float" в "int", возможна потеря данных
E:\Университет\Основы алгоритмизации и программирования\Labs\TemporaryProjectForLabTen\TemporaryProjectForLabTen\TemporaryProjectForLabTen.cpp(815,24): warning C4244: инициализация: преобразование "float" в "int", возможна потеря данных
E:\Университет\Основы алгоритмизации и программирования\Labs\TemporaryProjectForLabTen\TemporaryProjectForLabTen\TemporaryProjectForLabTen.cpp(816,25): warning C4244: инициализация: преобразование "float" в "int", возможна потеря данных
E:\Университет\Основы алгоритмизации и программирования\Labs\TemporaryProjectForLabTen\TemporaryProjectForLabTen\TemporaryProjectForLabTen.cpp(826,21): warning C4838: Преобразование из "int" в "float" требует сужающего преобразования.
E:\Университет\Основы алгоритмизации и программирования\Labs\TemporaryProjectForLabTen\TemporaryProjectForLabTen\TemporaryProjectForLabTen.cpp(826,21): warning C4244: инициализация: преобразование "int" в "float", возможна потеря данных
E:\Университет\Основы алгоритмизации и программирования\Labs\TemporaryProjectForLabTen\TemporaryProjectForLabTen\TemporaryProjectForLabTen.cpp(826,37): warning C4838: Преобразование из "int" в "float" требует сужающего преобразования.
E:\Университет\Основы алгоритмизации и программирования\Labs\TemporaryProjectForLabTen\TemporaryProjectForLabTen\TemporaryProjectForLabTen.cpp(826,37): warning C4244: инициализация: преобразование "int" в "float", возможна потеря данных
E:\Университет\Основы алгоритмизации и программирования\Labs\TemporaryProjectForLabTen\TemporaryProjectForLabTen\TemporaryProjectForLabTen.cpp(534): warning C4715: Entity::MoveTo: значение возвращается не при всех путях выполнения
  TemporaryProjectForLabTen.vcxproj -> E:\Университет\Основы алгоритмизации и программирования\Labs\TemporaryProjectForLabTen\x64\Debug\TemporaryProjectForLabTen.exe
